==============================================================================
Parall                                                                        
==============================================================================
Parall.TC 1                                                                   
==============================================================================
Opening brower
TC01                                                                  LoginPage
TC01 Test Case Execute
LogoutPage
| PASS |
------------------------------------------------------------------------------
TC02                                                                  LoginPage
TC02 Test Case Execute
LogoutPage
| PASS |
------------------------------------------------------------------------------
TC03                                                                  LoginPage
TC03 Test Case Execute
LogoutPage
| PASS |
------------------------------------------------------------------------------
closing brower
Parall.TC 1                                                           | PASS |
3 tests, 3 passed, 0 failed
==============================================================================
Parall                                                                | PASS |
3 tests, 3 passed, 0 failed
==============================================================================
Output:  C:\Users\GorantlL\PycharmProjects\DemoSeleniumRobot\Results\pabot_results\0\output.xml
